<?xml version="1.0" encoding="UTF-8"?>
<!-- Generated by org.testng.reporters.JUnitXMLReporter -->
<testsuite ignored="1" hostname="LAPTOP-6OACLVLF" failures="1" tests="1" name="Default test(failed)" time="0.053" errors="0" timestamp="2021-12-16T19:20:01 IST">
  <testcase classname="com.Amazon_project_TestCases.Test_Reports" name="testreport" time="0.01">
    <failure type="java.lang.AssertionError" message="expected [Selenium] but found [selenium]">
      <![CDATA[java.lang.AssertionError: expected [Selenium] but found [selenium]
at com.Amazon_project_TestCases.Test_Reports.testreport(Test_Reports.java:30)
at java.base/java.util.ArrayList.forEach(ArrayList.java:1511)
... Removed 33 stack frames]]>
    </failure>
  </testcase> <!-- testreport -->
  <testcase classname="com.Amazon_project_TestCases.Test_Reports" name="testreports" time="0.0">
    <ignored/>
  </testcase> <!-- testreports -->
</testsuite> <!-- Default test(failed) -->
