<?xml version="1.0" encoding="UTF-8"?>
<!-- Generated by org.testng.reporters.JUnitXMLReporter -->
<testsuite ignored="0" hostname="LAPTOP-6OACLVLF" failures="0" tests="0" time="8.009" errors="0" timestamp="2021-12-14T08:48:58 IST">
  <testcase classname="com.Amazon_project_TestCases.LoginTest" name="@BeforeTest getbrowser" time="-1.639451938955E9">
    <failure type="org.testng.TestNGException" message="
Method getbrowser requires 2 parameters but 1 were supplied in the BeforeTest annotation.">
      <![CDATA[org.testng.TestNGException: 
Method getbrowser requires 2 parameters but 1 were supplied in the BeforeTest annotation.
... Removed 21 stack frames]]>
    </failure>
  </testcase> <!-- @BeforeTest getbrowser -->
  <testcase classname="com.BaseClass.BaseTest" name="@AfterTest closetest" time="-1.639451938971E9">
    <skipped/>
  </testcase> <!-- @AfterTest closetest -->
</testsuite>
