<?xml version="1.0" encoding="UTF-8"?>
<testng-results ignored="0" total="4" passed="2" failed="2" skipped="0">
  <reporter-output>
    <line>
      <![CDATA[Login Successverified valid login]]>
    </line>
    <line>
      <![CDATA[Login fail]]>
    </line>
  </reporter-output>
  <suite started-at="2021-12-22T19:35:28 IST" name="Suite" finished-at="2021-12-22T19:35:59 IST" duration-ms="31422">
    <groups>
    </groups>
    <test started-at="2021-12-22T19:35:28 IST" name="LoginTest" finished-at="2021-12-22T19:35:42 IST" duration-ms="13573">
      <class name="com.Amazon_project_TestCases.LoginTest">
        <test-method is-config="true" signature="getbrowser()[pri:0, instance:com.Amazon_project_TestCases.LoginTest@13fd2ccd]" started-at="2021-12-22T19:35:28 IST" name="getbrowser" finished-at="2021-12-22T19:35:35 IST" duration-ms="7142" status="PASS">
          <reporter-output>
          </reporter-output>
        </test-method> <!-- getbrowser -->
        <test-method signature="verify_valid_login(java.lang.String,java.lang.String)[pri:0, instance:com.Amazon_project_TestCases.LoginTest@13fd2ccd]" started-at="2021-12-22T19:35:35 IST" name="verify_valid_login" finished-at="2021-12-22T19:35:39 IST" duration-ms="4257" status="PASS">
          <params>
            <param index="0">
              <value>
                <![CDATA[qatrainer]]>
              </value>
            </param>
            <param index="1">
              <value>
                <![CDATA[admin123]]>
              </value>
            </param>
          </params>
          <reporter-output>
            <line>
              <![CDATA[Login Successverified valid login]]>
            </line>
          </reporter-output>
        </test-method> <!-- verify_valid_login -->
        <test-method signature="verify_invalid_login(java.lang.String,java.lang.String)[pri:1, instance:com.Amazon_project_TestCases.LoginTest@13fd2ccd]" started-at="2021-12-22T19:35:39 IST" name="verify_invalid_login" finished-at="2021-12-22T19:35:41 IST" duration-ms="1831" status="PASS">
          <params>
            <param index="0">
              <value>
                <![CDATA[tester]]>
              </value>
            </param>
            <param index="1">
              <value>
                <![CDATA[admin123]]>
              </value>
            </param>
          </params>
          <reporter-output>
            <line>
              <![CDATA[Login fail]]>
            </line>
          </reporter-output>
        </test-method> <!-- verify_invalid_login -->
        <test-method is-config="true" signature="closetest()[pri:0, instance:com.Amazon_project_TestCases.LoginTest@13fd2ccd]" started-at="2021-12-22T19:35:41 IST" name="closetest" finished-at="2021-12-22T19:35:42 IST" duration-ms="262" status="PASS">
          <reporter-output>
          </reporter-output>
        </test-method> <!-- closetest -->
      </class> <!-- com.Amazon_project_TestCases.LoginTest -->
    </test> <!-- LoginTest -->
    <test started-at="2021-12-22T19:35:42 IST" name="Gmail_Links_test" finished-at="2021-12-22T19:35:59 IST" duration-ms="17768">
      <class name="com.Amazon_project_TestCases.Gmail_Links">
        <test-method is-config="true" signature="setupsuite()[pri:0, instance:com.Amazon_project_TestCases.Gmail_Links@2a7f1f10]" started-at="2021-12-22T19:35:28 IST" name="setupsuite" finished-at="2021-12-22T19:35:28 IST" duration-ms="284" status="PASS">
          <reporter-output>
          </reporter-output>
        </test-method> <!-- setupsuite -->
        <test-method is-config="true" signature="startBrowser()[pri:0, instance:com.Amazon_project_TestCases.Gmail_Links@2a7f1f10]" started-at="2021-12-22T19:35:42 IST" name="startBrowser" finished-at="2021-12-22T19:35:47 IST" duration-ms="5751" status="PASS">
          <reporter-output>
          </reporter-output>
        </test-method> <!-- startBrowser -->
        <test-method signature="verify_gmail_link()[pri:0, instance:com.Amazon_project_TestCases.Gmail_Links@2a7f1f10]" started-at="2021-12-22T19:35:47 IST" name="verify_gmail_link" description="TestCase1" finished-at="2021-12-22T19:35:48 IST" duration-ms="125" status="FAIL">
          <exception class="java.lang.AssertionError">
            <message>
              <![CDATA[expected [gmail] but found [Gmail]]]>
            </message>
            <full-stacktrace>
              <![CDATA[java.lang.AssertionError: expected [gmail] but found [Gmail]
at org.testng.Assert.fail(Assert.java:99)
at org.testng.Assert.failNotEquals(Assert.java:1037)
at org.testng.Assert.assertEqualsImpl(Assert.java:140)
at org.testng.Assert.assertEquals(Assert.java:122)
at org.testng.Assert.assertEquals(Assert.java:629)
at org.testng.Assert.assertEquals(Assert.java:639)
at com.Amazon_project_TestCases.Gmail_Links.verify_gmail_link(Gmail_Links.java:70)
at java.base/jdk.internal.reflect.NativeMethodAccessorImpl.invoke0(Native Method)
at java.base/jdk.internal.reflect.NativeMethodAccessorImpl.invoke(NativeMethodAccessorImpl.java:62)
at java.base/jdk.internal.reflect.DelegatingMethodAccessorImpl.invoke(DelegatingMethodAccessorImpl.java:43)
at java.base/java.lang.reflect.Method.invoke(Method.java:564)
at org.testng.internal.MethodInvocationHelper.invokeMethod(MethodInvocationHelper.java:133)
at org.testng.internal.TestInvoker.invokeMethod(TestInvoker.java:598)
at org.testng.internal.TestInvoker.invokeTestMethod(TestInvoker.java:173)
at org.testng.internal.MethodRunner.runInSequence(MethodRunner.java:46)
at org.testng.internal.TestInvoker$MethodInvocationAgent.invoke(TestInvoker.java:824)
at org.testng.internal.TestInvoker.invokeTestMethods(TestInvoker.java:146)
at org.testng.internal.TestMethodWorker.invokeTestMethods(TestMethodWorker.java:146)
at org.testng.internal.TestMethodWorker.run(TestMethodWorker.java:128)
at java.base/java.util.ArrayList.forEach(ArrayList.java:1511)
at org.testng.TestRunner.privateRun(TestRunner.java:794)
at org.testng.TestRunner.run(TestRunner.java:596)
at org.testng.SuiteRunner.runTest(SuiteRunner.java:377)
at org.testng.SuiteRunner.runSequentially(SuiteRunner.java:371)
at org.testng.SuiteRunner.privateRun(SuiteRunner.java:332)
at org.testng.SuiteRunner.run(SuiteRunner.java:276)
at org.testng.SuiteRunnerWorker.runSuite(SuiteRunnerWorker.java:53)
at org.testng.SuiteRunnerWorker.run(SuiteRunnerWorker.java:96)
at org.testng.TestNG.runSuitesSequentially(TestNG.java:1212)
at org.testng.TestNG.runSuitesLocally(TestNG.java:1134)
at org.testng.TestNG.runSuites(TestNG.java:1063)
at org.testng.TestNG.run(TestNG.java:1031)
at org.testng.remote.AbstractRemoteTestNG.run(AbstractRemoteTestNG.java:115)
at org.testng.remote.RemoteTestNG.initAndRun(RemoteTestNG.java:251)
at org.testng.remote.RemoteTestNG.main(RemoteTestNG.java:77)
]]>
            </full-stacktrace>
          </exception> <!-- java.lang.AssertionError -->
          <reporter-output>
          </reporter-output>
        </test-method> <!-- verify_gmail_link -->
        <test-method is-config="true" signature="failed_report(org.testng.ITestResult)[pri:0, instance:com.Amazon_project_TestCases.Gmail_Links@2a7f1f10]" started-at="2021-12-22T19:35:48 IST" name="failed_report" finished-at="2021-12-22T19:35:48 IST" duration-ms="3" status="PASS">
          <params>
            <param index="0">
              <value>
                <![CDATA[[TestResult name=verify_gmail_link status=FAILURE method=Gmail_Links.verify_gmail_link()[pri:0, instance:com.Amazon_project_TestCases.Gmail_Links@2a7f1f10] output={null}]]]>
              </value>
            </param>
          </params>
          <reporter-output>
          </reporter-output>
        </test-method> <!-- failed_report -->
        <test-method signature="verify_imageslink()[pri:1, instance:com.Amazon_project_TestCases.Gmail_Links@2a7f1f10]" started-at="2021-12-22T19:35:48 IST" name="verify_imageslink" finished-at="2021-12-22T19:35:48 IST" duration-ms="129" status="FAIL">
          <exception class="java.lang.AssertionError">
            <message>
              <![CDATA[expected [images] but found [Images]]]>
            </message>
            <full-stacktrace>
              <![CDATA[java.lang.AssertionError: expected [images] but found [Images]
at org.testng.Assert.fail(Assert.java:99)
at org.testng.Assert.failNotEquals(Assert.java:1037)
at org.testng.Assert.assertEqualsImpl(Assert.java:140)
at org.testng.Assert.assertEquals(Assert.java:122)
at org.testng.Assert.assertEquals(Assert.java:629)
at org.testng.Assert.assertEquals(Assert.java:639)
at com.Amazon_project_TestCases.Gmail_Links.verify_imageslink(Gmail_Links.java:84)
at java.base/jdk.internal.reflect.NativeMethodAccessorImpl.invoke0(Native Method)
at java.base/jdk.internal.reflect.NativeMethodAccessorImpl.invoke(NativeMethodAccessorImpl.java:62)
at java.base/jdk.internal.reflect.DelegatingMethodAccessorImpl.invoke(DelegatingMethodAccessorImpl.java:43)
at java.base/java.lang.reflect.Method.invoke(Method.java:564)
at org.testng.internal.MethodInvocationHelper.invokeMethod(MethodInvocationHelper.java:133)
at org.testng.internal.TestInvoker.invokeMethod(TestInvoker.java:598)
at org.testng.internal.TestInvoker.invokeTestMethod(TestInvoker.java:173)
at org.testng.internal.MethodRunner.runInSequence(MethodRunner.java:46)
at org.testng.internal.TestInvoker$MethodInvocationAgent.invoke(TestInvoker.java:824)
at org.testng.internal.TestInvoker.invokeTestMethods(TestInvoker.java:146)
at org.testng.internal.TestMethodWorker.invokeTestMethods(TestMethodWorker.java:146)
at org.testng.internal.TestMethodWorker.run(TestMethodWorker.java:128)
at java.base/java.util.ArrayList.forEach(ArrayList.java:1511)
at org.testng.TestRunner.privateRun(TestRunner.java:794)
at org.testng.TestRunner.run(TestRunner.java:596)
at org.testng.SuiteRunner.runTest(SuiteRunner.java:377)
at org.testng.SuiteRunner.runSequentially(SuiteRunner.java:371)
at org.testng.SuiteRunner.privateRun(SuiteRunner.java:332)
at org.testng.SuiteRunner.run(SuiteRunner.java:276)
at org.testng.SuiteRunnerWorker.runSuite(SuiteRunnerWorker.java:53)
at org.testng.SuiteRunnerWorker.run(SuiteRunnerWorker.java:96)
at org.testng.TestNG.runSuitesSequentially(TestNG.java:1212)
at org.testng.TestNG.runSuitesLocally(TestNG.java:1134)
at org.testng.TestNG.runSuites(TestNG.java:1063)
at org.testng.TestNG.run(TestNG.java:1031)
at org.testng.remote.AbstractRemoteTestNG.run(AbstractRemoteTestNG.java:115)
at org.testng.remote.RemoteTestNG.initAndRun(RemoteTestNG.java:251)
at org.testng.remote.RemoteTestNG.main(RemoteTestNG.java:77)
]]>
            </full-stacktrace>
          </exception> <!-- java.lang.AssertionError -->
          <reporter-output>
          </reporter-output>
        </test-method> <!-- verify_imageslink -->
        <test-method is-config="true" signature="failed_report(org.testng.ITestResult)[pri:0, instance:com.Amazon_project_TestCases.Gmail_Links@2a7f1f10]" started-at="2021-12-22T19:35:48 IST" name="failed_report" finished-at="2021-12-22T19:35:54 IST" duration-ms="6743" status="PASS">
          <params>
            <param index="0">
              <value>
                <![CDATA[[TestResult name=verify_imageslink status=FAILURE method=Gmail_Links.verify_imageslink()[pri:1, instance:com.Amazon_project_TestCases.Gmail_Links@2a7f1f10] output={null}]]]>
              </value>
            </param>
          </params>
          <reporter-output>
          </reporter-output>
        </test-method> <!-- failed_report -->
        <test-method is-config="true" signature="closebrowser()[pri:0, instance:com.Amazon_project_TestCases.Gmail_Links@2a7f1f10]" started-at="2021-12-22T19:35:54 IST" name="closebrowser" finished-at="2021-12-22T19:35:59 IST" duration-ms="5000" status="PASS">
          <reporter-output>
          </reporter-output>
        </test-method> <!-- closebrowser -->
      </class> <!-- com.Amazon_project_TestCases.Gmail_Links -->
      <class name="com.Amazon_project_TestCases.LoginTest">
        <test-method is-config="true" signature="setup_Project_Suite()[pri:0, instance:com.Amazon_project_TestCases.LoginTest@13fd2ccd]" started-at="2021-12-22T19:35:28 IST" name="setup_Project_Suite" finished-at="2021-12-22T19:35:28 IST" duration-ms="12" status="PASS">
          <reporter-output>
          </reporter-output>
        </test-method> <!-- setup_Project_Suite -->
      </class> <!-- com.Amazon_project_TestCases.LoginTest -->
    </test> <!-- Gmail_Links_test -->
  </suite> <!-- Suite -->
</testng-results>
